<?xml version="1.0" encoding="UTF-8"?>
<!-- Generated by org.testng.reporters.JUnitXMLReporter -->
<testsuite ignored="0" hostname="QAW2019RRA10" failures="0" tests="3" name="Default test" time="25.091" errors="0" timestamp="2023-04-02T11:21:42 UTC">
  <testcase classname="POM_Maven.tests.StandAloneTest" name="submitLogin" time="4.37"/>
  <testcase classname="POM_Maven.tests.StandAloneTest" name="submitLogin" time="4.269"/>
  <testcase classname="POM_Maven.tests.StandAloneTest" name="VerifyOrders" time="0.912"/>
</testsuite> <!-- Default test -->
