<?xml version="1.0" encoding="UTF-8"?>
<!-- Generated by org.testng.reporters.JUnitXMLReporter -->
<testsuite ignored="1" hostname="QAW2019RRA10" failures="0" tests="2" name="TestSubmit" time="27.591" errors="0" timestamp="2023-04-02T11:18:54 UTC">
  <testcase classname="POM_Maven.tests.StandAloneTest" name="submitLogin" time="4.398"/>
  <testcase classname="POM_Maven.tests.StandAloneTest" name="submitLogin" time="4.105"/>
  <testcase classname="POM_Maven.tests.StandAloneTest" name="VerifyOrders" time="0.0">
    <ignored/>
  </testcase> <!-- VerifyOrders -->
</testsuite> <!-- TestSubmit -->
