<?xml version="1.0" encoding="UTF-8"?>
<!-- Generated by org.testng.reporters.JUnitXMLReporter -->
<testsuite ignored="0" hostname="QAW2019RRA10" failures="0" tests="3" name="TestSubmit" time="35.325" errors="0" timestamp="2023-04-02T11:25:35 UTC">
  <testcase classname="POM_Maven.tests.StandAloneTest" name="submitLogin" time="8.639"/>
  <testcase classname="POM_Maven.tests.StandAloneTest" name="submitLogin" time="5.215"/>
  <testcase classname="POM_Maven.tests.StandAloneTest" name="VerifyOrders" time="0.86"/>
</testsuite> <!-- TestSubmit -->
