<?xml version="1.0" encoding="UTF-8"?>
<testng-results ignored="0" total="3" passed="3" failed="0" skipped="0">
  <reporter-output>
  </reporter-output>
  <suite started-at="2023-04-02T11:21:17 UTC" name="Default suite" finished-at="2023-04-02T11:21:42 UTC" duration-ms="25091">
    <groups>
      <group name="Purchase">
        <method signature="StandAloneTest.submitLogin(java.util.HashMap)[pri:0, instance:POM_Maven.tests.StandAloneTest@752325ad]" name="submitLogin" class="POM_Maven.tests.StandAloneTest"/>
      </group> <!-- Purchase -->
    </groups>
    <test started-at="2023-04-02T11:21:17 UTC" name="Default test" finished-at="2023-04-02T11:21:42 UTC" duration-ms="25091">
      <class name="POM_Maven.tests.StandAloneTest">
        <test-method is-config="true" signature="LaunchAppliction()[pri:0, instance:POM_Maven.tests.StandAloneTest@752325ad]" started-at="2023-04-02T11:21:18 UTC" name="LaunchAppliction" finished-at="2023-04-02T11:21:24 UTC" duration-ms="6262" status="PASS">
          <reporter-output>
          </reporter-output>
        </test-method> <!-- LaunchAppliction -->
        <test-method signature="submitLogin(java.util.HashMap)[pri:0, instance:POM_Maven.tests.StandAloneTest@752325ad]" started-at="2023-04-02T11:21:24 UTC" name="submitLogin" data-provider="getData" finished-at="2023-04-02T11:21:28 UTC" duration-ms="4370" status="PASS">
          <params>
            <param index="0">
              <value>
                <![CDATA[{password=Sam@12345, email=rrana@learn.com, productName=ADIDAS ORIGINAL}]]>
              </value>
            </param>
          </params>
          <reporter-output>
          </reporter-output>
        </test-method> <!-- submitLogin -->
        <test-method is-config="true" signature="CloseBrowser()[pri:0, instance:POM_Maven.tests.StandAloneTest@752325ad]" started-at="2023-04-02T11:21:29 UTC" name="CloseBrowser" finished-at="2023-04-02T11:21:29 UTC" duration-ms="190" status="PASS">
          <reporter-output>
          </reporter-output>
        </test-method> <!-- CloseBrowser -->
        <test-method is-config="true" signature="LaunchAppliction()[pri:0, instance:POM_Maven.tests.StandAloneTest@752325ad]" started-at="2023-04-02T11:21:29 UTC" name="LaunchAppliction" finished-at="2023-04-02T11:21:33 UTC" duration-ms="4095" status="PASS">
          <reporter-output>
          </reporter-output>
        </test-method> <!-- LaunchAppliction -->
        <test-method signature="submitLogin(java.util.HashMap)[pri:0, instance:POM_Maven.tests.StandAloneTest@752325ad]" started-at="2023-04-02T11:21:33 UTC" name="submitLogin" data-provider="getData" finished-at="2023-04-02T11:21:37 UTC" duration-ms="4269" status="PASS">
          <params>
            <param index="0">
              <value>
                <![CDATA[{password=Sam@12345, email=rrana1@learn.com, productName=ZARA COAT 3}]]>
              </value>
            </param>
          </params>
          <reporter-output>
          </reporter-output>
        </test-method> <!-- submitLogin -->
        <test-method is-config="true" signature="CloseBrowser()[pri:0, instance:POM_Maven.tests.StandAloneTest@752325ad]" started-at="2023-04-02T11:21:37 UTC" name="CloseBrowser" finished-at="2023-04-02T11:21:37 UTC" duration-ms="155" status="PASS">
          <reporter-output>
          </reporter-output>
        </test-method> <!-- CloseBrowser -->
        <test-method is-config="true" signature="LaunchAppliction()[pri:0, instance:POM_Maven.tests.StandAloneTest@752325ad]" started-at="2023-04-02T11:21:37 UTC" name="LaunchAppliction" finished-at="2023-04-02T11:21:41 UTC" duration-ms="4159" status="PASS">
          <reporter-output>
          </reporter-output>
        </test-method> <!-- LaunchAppliction -->
        <test-method signature="VerifyOrders()[pri:0, instance:POM_Maven.tests.StandAloneTest@752325ad]" started-at="2023-04-02T11:21:41 UTC" name="VerifyOrders" finished-at="2023-04-02T11:21:42 UTC" depends-on-methods="POM_Maven.tests.StandAloneTest.submitLogin" duration-ms="912" status="PASS">
          <reporter-output>
          </reporter-output>
        </test-method> <!-- VerifyOrders -->
        <test-method is-config="true" signature="CloseBrowser()[pri:0, instance:POM_Maven.tests.StandAloneTest@752325ad]" started-at="2023-04-02T11:21:42 UTC" name="CloseBrowser" finished-at="2023-04-02T11:21:42 UTC" duration-ms="164" status="PASS">
          <reporter-output>
          </reporter-output>
        </test-method> <!-- CloseBrowser -->
      </class> <!-- POM_Maven.tests.StandAloneTest -->
    </test> <!-- Default test -->
  </suite> <!-- Default suite -->
</testng-results>
